  stdafx.cpp
  MasterUdpMonitor.cpp
  SrvCrashHandler.cpp
  GameWatcher.cpp
  LogUploader.cpp
  SupervisorConfig.cpp
  SupervisorGameServer.cpp
  SupervisorServer.cpp
  SupervisorServerMain.cpp
  VersionNo.cpp
  Generating code
  Finished generating code
r3dLib_StatCRT_server.lib(RakNetTypes.obj) : warning LNK4099: PDB 'slikenet_libstatic_retail_win32.pdb' was not found with 'r3dLib_StatCRT_server.lib(RakNetTypes.obj)' or at 'C:\ZH\server\bin\slikenet_libstatic_retail_win32.pdb'; linking object as if no debug info
r3dLib_StatCRT_server.lib(RakPeer.obj) : warning LNK4099: PDB 'slikenet_libstatic_retail_win32.pdb' was not found with 'r3dLib_StatCRT_server.lib(RakPeer.obj)' or at 'C:\ZH\server\bin\slikenet_libstatic_retail_win32.pdb'; linking object as if no debug info
r3dLib_StatCRT_server.lib(RakNetStatistics.obj) : warning LNK4099: PDB 'slikenet_libstatic_retail_win32.pdb' was not found with 'r3dLib_StatCRT_server.lib(RakNetStatistics.obj)' or at 'C:\ZH\server\bin\slikenet_libstatic_retail_win32.pdb'; linking object as if no debug info
r3dLib_StatCRT_server.lib(GetTime.obj) : warning LNK4099: PDB 'slikenet_libstatic_retail_win32.pdb' was not found with 'r3dLib_StatCRT_server.lib(GetTime.obj)' or at 'C:\ZH\server\bin\slikenet_libstatic_retail_win32.pdb'; linking object as if no debug info
r3dLib_StatCRT_server.lib(SuperFastHash.obj) : warning LNK4099: PDB 'slikenet_libstatic_retail_win32.pdb' was not found with 'r3dLib_StatCRT_server.lib(SuperFastHash.obj)' or at 'C:\ZH\server\bin\slikenet_libstatic_retail_win32.pdb'; linking object as if no debug info
r3dLib_StatCRT_server.lib(RakNetSocket2.obj) : warning LNK4099: PDB 'slikenet_libstatic_retail_win32.pdb' was not found with 'r3dLib_StatCRT_server.lib(RakNetSocket2.obj)' or at 'C:\ZH\server\bin\slikenet_libstatic_retail_win32.pdb'; linking object as if no debug info
r3dLib_StatCRT_server.lib(Itoa.obj) : warning LNK4099: PDB 'slikenet_libstatic_retail_win32.pdb' was not found with 'r3dLib_StatCRT_server.lib(Itoa.obj)' or at 'C:\ZH\server\bin\slikenet_libstatic_retail_win32.pdb'; linking object as if no debug info
r3dLib_StatCRT_server.lib(WSAStartupSingleton.obj) : warning LNK4099: PDB 'slikenet_libstatic_retail_win32.pdb' was not found with 'r3dLib_StatCRT_server.lib(WSAStartupSingleton.obj)' or at 'C:\ZH\server\bin\slikenet_libstatic_retail_win32.pdb'; linking object as if no debug info
r3dLib_StatCRT_server.lib(RakSleep.obj) : warning LNK4099: PDB 'slikenet_libstatic_retail_win32.pdb' was not found with 'r3dLib_StatCRT_server.lib(RakSleep.obj)' or at 'C:\ZH\server\bin\slikenet_libstatic_retail_win32.pdb'; linking object as if no debug info
r3dLib_StatCRT_server.lib(RakMemoryOverride.obj) : warning LNK4099: PDB 'slikenet_libstatic_retail_win32.pdb' was not found with 'r3dLib_StatCRT_server.lib(RakMemoryOverride.obj)' or at 'C:\ZH\server\bin\slikenet_libstatic_retail_win32.pdb'; linking object as if no debug info
r3dLib_StatCRT_server.lib(StringCompressor.obj) : warning LNK4099: PDB 'slikenet_libstatic_retail_win32.pdb' was not found with 'r3dLib_StatCRT_server.lib(StringCompressor.obj)' or at 'C:\ZH\server\bin\slikenet_libstatic_retail_win32.pdb'; linking object as if no debug info
r3dLib_StatCRT_server.lib(StringTable.obj) : warning LNK4099: PDB 'slikenet_libstatic_retail_win32.pdb' was not found with 'r3dLib_StatCRT_server.lib(StringTable.obj)' or at 'C:\ZH\server\bin\slikenet_libstatic_retail_win32.pdb'; linking object as if no debug info
r3dLib_StatCRT_server.lib(ReliabilityLayer.obj) : warning LNK4099: PDB 'slikenet_libstatic_retail_win32.pdb' was not found with 'r3dLib_StatCRT_server.lib(ReliabilityLayer.obj)' or at 'C:\ZH\server\bin\slikenet_libstatic_retail_win32.pdb'; linking object as if no debug info
r3dLib_StatCRT_server.lib(BitStream.obj) : warning LNK4099: PDB 'slikenet_libstatic_retail_win32.pdb' was not found with 'r3dLib_StatCRT_server.lib(BitStream.obj)' or at 'C:\ZH\server\bin\slikenet_libstatic_retail_win32.pdb'; linking object as if no debug info
r3dLib_StatCRT_server.lib(RakString.obj) : warning LNK4099: PDB 'slikenet_libstatic_retail_win32.pdb' was not found with 'r3dLib_StatCRT_server.lib(RakString.obj)' or at 'C:\ZH\server\bin\slikenet_libstatic_retail_win32.pdb'; linking object as if no debug info
r3dLib_StatCRT_server.lib(RakThread.obj) : warning LNK4099: PDB 'slikenet_libstatic_retail_win32.pdb' was not found with 'r3dLib_StatCRT_server.lib(RakThread.obj)' or at 'C:\ZH\server\bin\slikenet_libstatic_retail_win32.pdb'; linking object as if no debug info
r3dLib_StatCRT_server.lib(Rand.obj) : warning LNK4099: PDB 'slikenet_libstatic_retail_win32.pdb' was not found with 'r3dLib_StatCRT_server.lib(Rand.obj)' or at 'C:\ZH\server\bin\slikenet_libstatic_retail_win32.pdb'; linking object as if no debug info
r3dLib_StatCRT_server.lib(SimpleMutex.obj) : warning LNK4099: PDB 'slikenet_libstatic_retail_win32.pdb' was not found with 'r3dLib_StatCRT_server.lib(SimpleMutex.obj)' or at 'C:\ZH\server\bin\slikenet_libstatic_retail_win32.pdb'; linking object as if no debug info
r3dLib_StatCRT_server.lib(SignaledEvent.obj) : warning LNK4099: PDB 'slikenet_libstatic_retail_win32.pdb' was not found with 'r3dLib_StatCRT_server.lib(SignaledEvent.obj)' or at 'C:\ZH\server\bin\slikenet_libstatic_retail_win32.pdb'; linking object as if no debug info
r3dLib_StatCRT_server.lib(PluginInterface2.obj) : warning LNK4099: PDB 'slikenet_libstatic_retail_win32.pdb' was not found with 'r3dLib_StatCRT_server.lib(PluginInterface2.obj)' or at 'C:\ZH\server\bin\slikenet_libstatic_retail_win32.pdb'; linking object as if no debug info
r3dLib_StatCRT_server.lib(LocklessTypes.obj) : warning LNK4099: PDB 'slikenet_libstatic_retail_win32.pdb' was not found with 'r3dLib_StatCRT_server.lib(LocklessTypes.obj)' or at 'C:\ZH\server\bin\slikenet_libstatic_retail_win32.pdb'; linking object as if no debug info
r3dLib_StatCRT_server.lib(DS_HuffmanEncodingTree.obj) : warning LNK4099: PDB 'slikenet_libstatic_retail_win32.pdb' was not found with 'r3dLib_StatCRT_server.lib(DS_HuffmanEncodingTree.obj)' or at 'C:\ZH\server\bin\slikenet_libstatic_retail_win32.pdb'; linking object as if no debug info
r3dLib_StatCRT_server.lib(DR_SHA1.obj) : warning LNK4099: PDB 'slikenet_libstatic_retail_win32.pdb' was not found with 'r3dLib_StatCRT_server.lib(DR_SHA1.obj)' or at 'C:\ZH\server\bin\slikenet_libstatic_retail_win32.pdb'; linking object as if no debug info
r3dLib_StatCRT_server.lib(CCRakNetSlidingWindow.obj) : warning LNK4099: PDB 'slikenet_libstatic_retail_win32.pdb' was not found with 'r3dLib_StatCRT_server.lib(CCRakNetSlidingWindow.obj)' or at 'C:\ZH\server\bin\slikenet_libstatic_retail_win32.pdb'; linking object as if no debug info
r3dLib_StatCRT_server.lib(TCPInterface.obj) : warning LNK4099: PDB 'slikenet_libstatic_retail_win32.pdb' was not found with 'r3dLib_StatCRT_server.lib(TCPInterface.obj)' or at 'C:\ZH\server\bin\slikenet_libstatic_retail_win32.pdb'; linking object as if no debug info
r3dLib_StatCRT_server.lib(DS_ByteQueue.obj) : warning LNK4099: PDB 'slikenet_libstatic_retail_win32.pdb' was not found with 'r3dLib_StatCRT_server.lib(DS_ByteQueue.obj)' or at 'C:\ZH\server\bin\slikenet_libstatic_retail_win32.pdb'; linking object as if no debug info
r3dLib_StatCRT_server.lib(SocketLayer.obj) : warning LNK4099: PDB 'slikenet_libstatic_retail_win32.pdb' was not found with 'r3dLib_StatCRT_server.lib(SocketLayer.obj)' or at 'C:\ZH\server\bin\slikenet_libstatic_retail_win32.pdb'; linking object as if no debug info
  SupervisorServer.vcxproj -> C:\ZH\server\src\SupervisorServer\..\..\bin\SupervisorServer.exe
          1 arquivo(s) copiado(s).
