  r3dPCH.cpp
  loadout.cpp
  AObject.cpp
  GameLevel.cpp
  GameLevel_IO.cpp
  GameObj.cpp
  obj_Mesh.cpp
  ObjManag.cpp
  PhysXWorld.cpp
  sceneBox.cpp
  PhysXRepXHelpers.cpp
  ITerrain.cpp
  Terrain3.cpp
  AI_Brain.cpp
  AI_Tactics.cpp
  NavGenerationHelpers.cpp
  NavRegionManager.cpp
  AutodeskCustomBridges.cpp
  AutodeskNavAgent.cpp
  AutodeskNavAvoidanceFilter.cpp
  AutodeskNavMesh.cpp
  AutodeskNavProfile.cpp
  Async_ServerObjects.cpp
  Async_ServerState.cpp
  AsyncFuncs.cpp
  KeepAliveReporter.cpp
  MasterServerLogic.cpp
  NetworkHelper.cpp
  ServerGame.cpp
  ServerGameLogic.cpp
  ServerMain.cpp
  SrvCrashHandler.cpp
  ServerBackpack.cpp
  TeamSpeakServer.cpp
  obj_NoClipBox.cpp
  obj_ServerAirdrop.cpp
  obj_ServerBarricade.cpp
  obj_ServerBuilding.cpp
  obj_ServerDamageArea.cpp
  obj_ServerFarmBlock.cpp
  obj_ServerGasZone.cpp
  obj_ServerGravestone.cpp
  obj_ServerGrenade.cpp
  obj_ServerItemSpawnPoint.cpp
  obj_ServerLightMesh.cpp
  obj_ServerLockbox.cpp
  obj_ServerMissionArea.cpp
  obj_ServerNPC.cpp
  obj_ServerPlayer.cpp
  obj_ServerPlayerSpawnPoint.cpp
  obj_ServerPostBox.cpp
  obj_ServerRepairBench.cpp
  ServerDummyObjects.cpp
  sobj_AirDropSpawn.cpp
  sobj_DroppedItem.cpp
  sobj_Note.cpp
  sobj_SpawnedItem.cpp
  BaseItemSpawnPoint.cpp
  BasePlayerSpawnPoint.cpp
  DebugHelpers.cpp
  DecalChief.cpp
  Lake.cpp
  MaterialTypes.cpp
  obj_Prefab.cpp
  obj_Terrain.cpp
  PrefabManager.cpp
  water.cpp
  WaterPlane.CPP
  sobj_Zombie.cpp
  sobj_ZombieSpawn.cpp
  ZombieNavAgent.cpp
  MissionActions.cpp
  MissionActionsData.cpp
  MissionCommands.cpp
  MissionManager.cpp
  MissionProgress.cpp
  MissionRewards.cpp
  MissionTimer.cpp
  MissionTrigger.cpp
  obj_ServerMissionStateObject.cpp
  BaseVehicleSpawnPoint.cpp
  obj_Vehicle.cpp
  obj_VehicleSpawnPoint.cpp
  VehicleDescriptor.cpp
  NetCellMover.cpp
  UserProfile.cpp
  UserRewards.cpp
  WOBackendAPI.cpp
  XMLHelpers.cpp
  ServerAmmo.cpp
  ServerGear.cpp
  ServerWeapon.cpp
  BaseItemConfig.cpp
  GearConfig.cpp
  HeroConfig.cpp
  WeaponArmory.cpp
  WeaponConfig.cpp
  ServerUserProfile.cpp
  CollectionElement.cpp
  CollectionsManager.cpp
  CollectionType.cpp
  Config.cpp
  crap1.cpp
  DamageLib.cpp
  PhysObj.cpp
     Creating library ..\..\bin\WZ_GameServer.lib and object ..\..\bin\WZ_GameServer.exp
  Generating code
  Finished generating code
  WO_GameServer.vcxproj -> C:\ZH\server\src\WO_GameServer\..\..\bin\WZ_GameServer.exe
          1 arquivo(s) copiado(s).
